# JRE version: Java(TM) SE Runtime Environment 18.9 (11.0.8+10) (build 11.0.8+10-LTS)
# Java VM: Java HotSpot(TM) 64-Bit Server VM 18.9 (11.0.8+10-LTS, mixed mode, tiered, compressed oops, g1 gc, windows-amd64)
Heap:
 garbage-first heap   total 256000K, used 89661K [0x0000000706c00000, 0x0000000800000000)
  region size 1024K, 83 young (84992K), 2 survivors (2048K)
 Metaspace       used 26396K, capacity 27081K, committed 27392K, reserved 1073152K
  class space    used 2963K, capacity 3223K, committed 3328K, reserved 1048576K
GC Heap History (6 events):
Event: 1.239 GC heap before
{Heap before GC invocations=0 (full 0):
 garbage-first heap   total 256000K, used 24576K [0x0000000706c00000, 0x0000000800000000)
  region size 1024K, 24 young (24576K), 0 survivors (0K)
 Metaspace       used 12066K, capacity 12322K, committed 12544K, reserved 1060864K
  class space    used 1181K, capacity 1278K, committed 1280K, reserved 1048576K
}
Event: 1.246 GC heap after
{Heap after GC invocations=1 (full 0):
 garbage-first heap   total 256000K, used 6469K [0x0000000706c00000, 0x0000000800000000)
  region size 1024K, 3 young (3072K), 3 survivors (3072K)
 Metaspace       used 12066K, capacity 12322K, committed 12544K, reserved 1060864K
  class space    used 1181K, capacity 1278K, committed 1280K, reserved 1048576K
}
Event: 1.995 GC heap before
{Heap before GC invocations=1 (full 0):
 garbage-first heap   total 256000K, used 25925K [0x0000000706c00000, 0x0000000800000000)
  region size 1024K, 22 young (22528K), 3 survivors (3072K)
 Metaspace       used 17071K, capacity 17511K, committed 17664K, reserved 1064960K
  class space    used 1846K, capacity 2019K, committed 2048K, reserved 1048576K
}
Event: 2.001 GC heap after
{Heap after GC invocations=2 (full 0):
 garbage-first heap   total 256000K, used 8259K [0x0000000706c00000, 0x0000000800000000)
  region size 1024K, 2 young (2048K), 2 survivors (2048K)
 Metaspace       used 17071K, capacity 17511K, committed 17664K, reserved 1064960K
  class space    used 1846K, capacity 2019K, committed 2048K, reserved 1048576K
}
Event: 2.271 GC heap before
{Heap before GC invocations=2 (full 0):
 garbage-first heap   total 256000K, used 22595K [0x0000000706c00000, 0x0000000800000000)
  region size 1024K, 18 young (18432K), 2 survivors (2048K)
 Metaspace       used 20597K, capacity 21068K, committed 21248K, reserved 1069056K
  class space    used 2229K, capacity 2441K, committed 2560K, reserved 1048576K
}
Event: 2.276 GC heap after
{Heap after GC invocations=3 (full 0):
 garbage-first heap   total 256000K, used 8765K [0x0000000706c00000, 0x0000000800000000)
  region size 1024K, 2 young (2048K), 2 survivors (2048K)
 Metaspace       used 20597K, capacity 21068K, committed 21248K, reserved 1069056K
  class space    used 2229K, capacity 2441K, committed 2560K, reserved 1048576K
}

